#
# A fatal error has been detected by the Java Runtime Environment:
#
#  EXCEPTION_ACCESS_VIOLATION (0xc0000005) at pc=0x00007ffce6b01c30, pid=12244, tid=12012
#
# JRE version: OpenJDK Runtime Environment (10.0+44) (build 10+44)
# Java VM: OpenJDK 64-Bit Server VM (10+44, mixed mode, tiered, compressed oops, g1 gc, windows-amd64)
# Problematic frame:
# C  [ig9icd64.dll+0x151c30]
#
# No core dump will be written. Minidumps are not enabled by default on client versions of Windows
#
# If you would like to submit a bug report, please visit:
#   http://bugreport.java.com/bugreport/crash.jsp
# The crash happened outside the Java Virtual Machine in native code.
# See problematic frame for where to report the bug.
#

---------------  S U M M A R Y ------------

Command Line: -Dfile.encoding=UTF-8 fr.monolog.desino.test.App

Host: Intel(R) Core(TM) i7-8550U CPU @ 1.80GHz, 8 cores, 7G,  Windows 10 , 64 bit Build 18362 (10.0.18362.329)
Time: Thu Feb 13 21:37:28 2020 Paris, Madrid elapsed time: 1 seconds (0d 0h 0m 1s)

---------------  T H R E A D  ---------------

Current thread (0x0000024f47106000):  JavaThread "main" [_thread_in_native, id=12012, stack(0x000000f3e4600000,0x000000f3e4700000)]

Stack: [0x000000f3e4600000,0x000000f3e4700000],  sp=0x000000f3e46fe650,  free space=1017k
Native frames: (J=compiled Java code, j=interpreted, Vv=VM code, C=native code)
C  [ig9icd64.dll+0x151c30]

Java frames: (J=compiled Java code, j=interpreted, Vv=VM code)
j  org.lwjgl.opengl.GL11C.nglTexSubImage2D(IIIIIIIIJ)V+0
j  org.lwjgl.opengl.GL11C.glTexSubImage2D(IIIIIIIIJ)V+14
j  org.lwjgl.opengl.GL11.glTexSubImage2D(IIIIIIIIJ)V+14
j  fr.monolog.desino.graphics.two.texture.Sprite.draw()V+58
j  fr.monolog.desino.graphics.two.Renderer.draw(Lfr/monolog/desino/graphics/two/Drawable;)V+52
j  fr.monolog.desino.test.App.draw()V+26
j  fr.monolog.desino.common.Engine.draw()V+4
j  fr.monolog.desino.common.Engine.loop()V+72
j  fr.monolog.desino.common.Engine.run()V+1
j  fr.monolog.desino.test.App.main([Ljava/lang/String;)V+41
v  ~StubRoutines::call_stub

siginfo: EXCEPTION_ACCESS_VIOLATION (0xc0000005), reading address 0x0000000000000001


Register to memory mapping:

RIP=0x00007ffce6b01c30 ig9icd64.dll
RAX=0x0000000000000000 is an unknown value
RBX=0x000000f3e46fe740 is pointing into the stack for thread: 0x0000024f47106000
RCX=0x0000000000000000 is an unknown value
RDX=0x0000000000000001 is an unknown value
RSP=0x000000f3e46fe650 is pointing into the stack for thread: 0x0000024f47106000
RBP=0x0000000000000013 is an unknown value
RSI=0x0000024f6b11c000 is an unknown value
RDI=0x0000024f6b11c000 is an unknown value
R8 =0x0000000000000050 is an unknown value
R9 =0x0000000000000000 is an unknown value
R10=0x0000000000000005 is an unknown value
R11=0x0000024f719f7b64 is an unknown value
R12=0x0000000000000000 is an unknown value
R13=0x000000f3e46fe8d0 is pointing into the stack for thread: 0x0000024f47106000
R14=0x0000000000000050 is an unknown value
R15=0x00000000000001c1 is an unknown value


Registers:
RAX=0x0000000000000000, RBX=0x000000f3e46fe740, RCX=0x0000000000000000, RDX=0x0000000000000001
RSP=0x000000f3e46fe650, RBP=0x0000000000000013, RSI=0x0000024f6b11c000, RDI=0x0000024f6b11c000
R8 =0x0000000000000050, R9 =0x0000000000000000, R10=0x0000000000000005, R11=0x0000024f719f7b64
R12=0x0000000000000000, R13=0x000000f3e46fe8d0, R14=0x0000000000000050, R15=0x00000000000001c1
RIP=0x00007ffce6b01c30, EFLAGS=0x0000000000010206

Top of Stack: (sp=0x000000f3e46fe650)
0x000000f3e46fe650:   3f3b79035d0be4d3 3fc6571840000000
0x000000f3e46fe660:   bf0857394baa5f47 bf0857394baa5f47
0x000000f3e46fe670:   0000000000000001 00007ffce6e9e9d0
0x000000f3e46fe680:   000000f3e46fe830 0000000000000001
0x000000f3e46fe690:   00007ffce6e9e600 000000f3e46fe8d0
0x000000f3e46fe6a0:   0000000000000000 00007ffce6ea128b
0x000000f3e46fe6b0:   000000f3e46fe7b0 000000f3e46fe890
0x000000f3e46fe6c0:   0000024f6b11c000 00007ffce6e9f910
0x000000f3e46fe6d0:   8000058040000049 0000000000000001
0x000000f3e46fe6e0:   0000000000000001 0000000000000000
0x000000f3e46fe6f0:   0000000000000000 00007ffce69d075b
0x000000f3e46fe700:   0000024f720866c0 0000000000000001
0x000000f3e46fe710:   0000024f67e07300 0000000000000001
0x000000f3e46fe720:   0000000000000001 0000000000000000
0x000000f3e46fe730:   00000000e46fe800 0000024f72032010
0x000000f3e46fe740:   00007ffce73fbb20 0000024f719dee80 

Instructions: (pc=0x00007ffce6b01c30)
0x00007ffce6b01c10:   9f 41 83 e0 7f 0f 84 e0 00 00 00 45 8b d0 44 8b
0x00007ffce6b01c20:   c9 49 c1 ea 04 4d 85 d2 0f 84 cd 00 00 00 66 90
0x00007ffce6b01c30:   f3 0f 6f 02 41 ff c1 48 83 c2 10 41 8b c1 66 0f
0x00007ffce6b01c40:   e7 07 48 83 c7 10 49 3b c2 72 e5 e9 ab 00 00 00 



---------------  P R O C E S S  ---------------

Threads class SMR info:
_java_thread_list=0x0000024f678205f0, length=12, elements={
0x0000024f47106000, 0x0000024f66d4c800, 0x0000024f66d55000, 0x0000024f676f2800,
0x0000024f676f3000, 0x0000024f66d65800, 0x0000024f66d68000, 0x0000024f66d6c000,
0x0000024f66d6d000, 0x0000024f6770c000, 0x0000024f67844000, 0x0000024f6787f000
}

Java Threads: ( => current thread )
=>0x0000024f47106000 JavaThread "main" [_thread_in_native, id=12012, stack(0x000000f3e4600000,0x000000f3e4700000)]
  0x0000024f66d4c800 JavaThread "Reference Handler" daemon [_thread_blocked, id=7444, stack(0x000000f3e5c00000,0x000000f3e5d00000)]
  0x0000024f66d55000 JavaThread "Finalizer" daemon [_thread_blocked, id=13304, stack(0x000000f3e5d00000,0x000000f3e5e00000)]
  0x0000024f676f2800 JavaThread "Signal Dispatcher" daemon [_thread_blocked, id=15388, stack(0x000000f3e5e00000,0x000000f3e5f00000)]
  0x0000024f676f3000 JavaThread "Attach Listener" daemon [_thread_blocked, id=8656, stack(0x000000f3e5f00000,0x000000f3e6000000)]
  0x0000024f66d65800 JavaThread "C2 CompilerThread0" daemon [_thread_blocked, id=14008, stack(0x000000f3e6000000,0x000000f3e6100000)]
  0x0000024f66d68000 JavaThread "C2 CompilerThread1" daemon [_thread_blocked, id=1956, stack(0x000000f3e6100000,0x000000f3e6200000)]
  0x0000024f66d6c000 JavaThread "C2 CompilerThread2" daemon [_thread_blocked, id=7352, stack(0x000000f3e6200000,0x000000f3e6300000)]
  0x0000024f66d6d000 JavaThread "C1 CompilerThread3" daemon [_thread_blocked, id=6400, stack(0x000000f3e6300000,0x000000f3e6400000)]
  0x0000024f6770c000 JavaThread "Sweeper thread" daemon [_thread_blocked, id=11308, stack(0x000000f3e6400000,0x000000f3e6500000)]
  0x0000024f67844000 JavaThread "Service Thread" daemon [_thread_blocked, id=14968, stack(0x000000f3e6500000,0x000000f3e6600000)]
  0x0000024f6787f000 JavaThread "Common-Cleaner" daemon [_thread_blocked, id=14476, stack(0x000000f3e6700000,0x000000f3e6800000)]

Other Threads:
  0x0000024f66d47800 VMThread "VM Thread" [stack: 0x000000f3e5b00000,0x000000f3e5c00000] [id=10536]
  0x0000024f67869000 WatcherThread [stack: 0x000000f3e6600000,0x000000f3e6700000] [id=12152]
  0x0000024f4711d000 GCTaskThread "GC Thread#0" [stack: 0x000000f3e4700000,0x000000f3e4800000] [id=10824]
  0x0000024f4711e000 GCTaskThread "GC Thread#1" [stack: 0x000000f3e4800000,0x000000f3e4900000] [id=1384]
  0x0000024f47121800 GCTaskThread "GC Thread#2" [stack: 0x000000f3e4900000,0x000000f3e4a00000] [id=16548]
  0x0000024f47123000 GCTaskThread "GC Thread#3" [stack: 0x000000f3e4a00000,0x000000f3e4b00000] [id=12360]
  0x0000024f47124800 GCTaskThread "GC Thread#4" [stack: 0x000000f3e4b00000,0x000000f3e4c00000] [id=10444]
  0x0000024f47130000 GCTaskThread "GC Thread#5" [stack: 0x000000f3e4c00000,0x000000f3e4d00000] [id=16420]
  0x0000024f47134800 GCTaskThread "GC Thread#6" [stack: 0x000000f3e4d00000,0x000000f3e4e00000] [id=10352]
  0x0000024f47135800 GCTaskThread "GC Thread#7" [stack: 0x000000f3e4e00000,0x000000f3e4f00000] [id=3028]
  0x0000024f4719e800 ConcurrentGCThread "G1 Main Marker" [stack: 0x000000f3e4f00000,0x000000f3e5000000] [id=14224]
  0x0000024f4719f800 ConcurrentGCThread "G1 Conc#0" [stack: 0x000000f3e5000000,0x000000f3e5100000] [id=16876]
  0x0000024f471a0800 ConcurrentGCThread "G1 Conc#1" [stack: 0x000000f3e5100000,0x000000f3e5200000] [id=14404]
  0x0000024f471dd800 ConcurrentGCThread "G1 Refine#0" [stack: 0x000000f3e5200000,0x000000f3e5300000] [id=11432]
  0x0000024f471de800 ConcurrentGCThread "G1 Refine#1" [stack: 0x000000f3e5300000,0x000000f3e5400000] [id=1372]
  0x0000024f66bc7800 ConcurrentGCThread "G1 Refine#2" [stack: 0x000000f3e5400000,0x000000f3e5500000] [id=11072]
  0x0000024f66bd4800 ConcurrentGCThread "G1 Refine#3" [stack: 0x000000f3e5500000,0x000000f3e5600000] [id=12496]
  0x0000024f66bd9800 ConcurrentGCThread "G1 Refine#4" [stack: 0x000000f3e5600000,0x000000f3e5700000] [id=2392]
  0x0000024f66bdc800 ConcurrentGCThread "G1 Refine#5" [stack: 0x000000f3e5700000,0x000000f3e5800000] [id=11332]
  0x0000024f66bdf800 ConcurrentGCThread "G1 Refine#6" [stack: 0x000000f3e5800000,0x000000f3e5900000] [id=3008]
  0x0000024f66be0000 ConcurrentGCThread "G1 Refine#7" [stack: 0x000000f3e5900000,0x000000f3e5a00000] [id=7764]
  0x0000024f66be0800 ConcurrentGCThread "G1 Young RemSet Sampling" [stack: 0x000000f3e5a00000,0x000000f3e5b00000] [id=11500]

Threads with active compile tasks:

VM state:not at safepoint (normal execution)

VM Mutex/Monitor currently owned by a thread: None

Heap address: 0x0000000082800000, size: 2008 MB, Compressed Oops mode: 32-bit
Narrow klass base: 0x0000000000000000, Narrow klass shift: 3
Compressed class space size: 1073741824 Address: 0x0000000100000000

Heap:
 garbage-first heap   total 129024K, used 16384K [0x0000000082800000, 0x0000000100000000)
  region size 1024K, 17 young (17408K), 0 survivors (0K)
 Metaspace       used 12793K, capacity 12973K, committed 13312K, reserved 1060864K
  class space    used 833K, capacity 904K, committed 1024K, reserved 1048576K
Heap Regions: E=young(eden), S=young(survivor), O=old, HS=humongous(starts), HC=humongous(continues), CS=collection set, F=free, A=archive, TS=gc time stamp, AC=allocation context, TAMS=top-at-mark-start (previous, next)
|   0|0x0000000082800000, 0x0000000082800000, 0x0000000082900000|  0%| F|  |TS  0|AC  0|TAMS 0x0000000082800000, 0x0000000082800000|
|   1|0x0000000082900000, 0x0000000082900000, 0x0000000082a00000|  0%| F|  |TS  0|AC  0|TAMS 0x0000000082900000, 0x0000000082900000|
|   2|0x0000000082a00000, 0x0000000082a00000, 0x0000000082b00000|  0%| F|  |TS  0|AC  0|TAMS 0x0000000082a00000, 0x0000000082a00000|
|   3|0x0000000082b00000, 0x0000000082b00000, 0x0000000082c00000|  0%| F|  |TS  0|AC  0|TAMS 0x0000000082b00000, 0x0000000082b00000|
|   4|0x0000000082c00000, 0x0000000082c00000, 0x0000000082d00000|  0%| F|  |TS  0|AC  0|TAMS 0x0000000082c00000, 0x0000000082c00000|
|   5|0x0000000082d00000, 0x0000000082d00000, 0x0000000082e00000|  0%| F|  |TS  0|AC  0|TAMS 0x0000000082d00000, 0x0000000082d00000|
|   6|0x0000000082e00000, 0x0000000082e00000, 0x0000000082f00000|  0%| F|  |TS  0|AC  0|TAMS 0x0000000082e00000, 0x0000000082e00000|
|   7|0x0000000082f00000, 0x0000000082f00000, 0x0000000083000000|  0%| F|  |TS  0|AC  0|TAMS 0x0000000082f00000, 0x0000000082f00000|
|   8|0x0000000083000000, 0x0000000083000000, 0x0000000083100000|  0%| F|  |TS  0|AC  0|TAMS 0x0000000083000000, 0x0000000083000000|
|   9|0x0000000083100000, 0x0000000083100000, 0x0000000083200000|  0%| F|  |TS  0|AC  0|TAMS 0x0000000083100000, 0x0000000083100000|
|  10|0x0000000083200000, 0x0000000083200000, 0x0000000083300000|  0%| F|  |TS  0|AC  0|TAMS 0x0000000083200000, 0x0000000083200000|
|  11|0x0000000083300000, 0x0000000083300000, 0x0000000083400000|  0%| F|  |TS  0|AC  0|TAMS 0x0000000083300000, 0x0000000083300000|
|  12|0x0000000083400000, 0x0000000083400000, 0x0000000083500000|  0%| F|  |TS  0|AC  0|TAMS 0x0000000083400000, 0x0000000083400000|
|  13|0x0000000083500000, 0x0000000083500000, 0x0000000083600000|  0%| F|  |TS  0|AC  0|TAMS 0x0000000083500000, 0x0000000083500000|
|  14|0x0000000083600000, 0x0000000083600000, 0x0000000083700000|  0%| F|  |TS  0|AC  0|TAMS 0x0000000083600000, 0x0000000083600000|
|  15|0x0000000083700000, 0x0000000083700000, 0x0000000083800000|  0%| F|  |TS  0|AC  0|TAMS 0x0000000083700000, 0x0000000083700000|
|  16|0x0000000083800000, 0x0000000083800000, 0x0000000083900000|  0%| F|  |TS  0|AC  0|TAMS 0x0000000083800000, 0x0000000083800000|
|  17|0x0000000083900000, 0x0000000083900000, 0x0000000083a00000|  0%| F|  |TS  0|AC  0|TAMS 0x0000000083900000, 0x0000000083900000|
|  18|0x0000000083a00000, 0x0000000083a00000, 0x0000000083b00000|  0%| F|  |TS  0|AC  0|TAMS 0x0000000083a00000, 0x0000000083a00000|
|  19|0x0000000083b00000, 0x0000000083b00000, 0x0000000083c00000|  0%| F|  |TS  0|AC  0|TAMS 0x0000000083b00000, 0x0000000083b00000|
|  20|0x0000000083c00000, 0x0000000083c00000, 0x0000000083d00000|  0%| F|  |TS  0|AC  0|TAMS 0x0000000083c00000, 0x0000000083c00000|
|  21|0x0000000083d00000, 0x0000000083d00000, 0x0000000083e00000|  0%| F|  |TS  0|AC  0|TAMS 0x0000000083d00000, 0x0000000083d00000|
|  22|0x0000000083e00000, 0x0000000083e00000, 0x0000000083f00000|  0%| F|  |TS  0|AC  0|TAMS 0x0000000083e00000, 0x0000000083e00000|
|  23|0x0000000083f00000, 0x0000000083f00000, 0x0000000084000000|  0%| F|  |TS  0|AC  0|TAMS 0x0000000083f00000, 0x0000000083f00000|
|  24|0x0000000084000000, 0x0000000084000000, 0x0000000084100000|  0%| F|  |TS  0|AC  0|TAMS 0x0000000084000000, 0x0000000084000000|
|  25|0x0000000084100000, 0x0000000084100000, 0x0000000084200000|  0%| F|  |TS  0|AC  0|TAMS 0x0000000084100000, 0x0000000084100000|
|  26|0x0000000084200000, 0x0000000084200000, 0x0000000084300000|  0%| F|  |TS  0|AC  0|TAMS 0x0000000084200000, 0x0000000084200000|
|  27|0x0000000084300000, 0x0000000084300000, 0x0000000084400000|  0%| F|  |TS  0|AC  0|TAMS 0x0000000084300000, 0x0000000084300000|
|  28|0x0000000084400000, 0x0000000084400000, 0x0000000084500000|  0%| F|  |TS  0|AC  0|TAMS 0x0000000084400000, 0x0000000084400000|
|  29|0x0000000084500000, 0x0000000084500000, 0x0000000084600000|  0%| F|  |TS  0|AC  0|TAMS 0x0000000084500000, 0x0000000084500000|
|  30|0x0000000084600000, 0x0000000084600000, 0x0000000084700000|  0%| F|  |TS  0|AC  0|TAMS 0x0000000084600000, 0x0000000084600000|
|  31|0x0000000084700000, 0x0000000084700000, 0x0000000084800000|  0%| F|  |TS  0|AC  0|TAMS 0x0000000084700000, 0x0000000084700000|
|  32|0x0000000084800000, 0x0000000084800000, 0x0000000084900000|  0%| F|  |TS  0|AC  0|TAMS 0x0000000084800000, 0x0000000084800000|
|  33|0x0000000084900000, 0x0000000084900000, 0x0000000084a00000|  0%| F|  |TS  0|AC  0|TAMS 0x0000000084900000, 0x0000000084900000|
|  34|0x0000000084a00000, 0x0000000084a00000, 0x0000000084b00000|  0%| F|  |TS  0|AC  0|TAMS 0x0000000084a00000, 0x0000000084a00000|
|  35|0x0000000084b00000, 0x0000000084b00000, 0x0000000084c00000|  0%| F|  |TS  0|AC  0|TAMS 0x0000000084b00000, 0x0000000084b00000|
|  36|0x0000000084c00000, 0x0000000084c00000, 0x0000000084d00000|  0%| F|  |TS  0|AC  0|TAMS 0x0000000084c00000, 0x0000000084c00000|
|  37|0x0000000084d00000, 0x0000000084d00000, 0x0000000084e00000|  0%| F|  |TS  0|AC  0|TAMS 0x0000000084d00000, 0x0000000084d00000|
|  38|0x0000000084e00000, 0x0000000084e00000, 0x0000000084f00000|  0%| F|  |TS  0|AC  0|TAMS 0x0000000084e00000, 0x0000000084e00000|
|  39|0x0000000084f00000, 0x0000000084f00000, 0x0000000085000000|  0%| F|  |TS  0|AC  0|TAMS 0x0000000084f00000, 0x0000000084f00000|
|  40|0x0000000085000000, 0x0000000085000000, 0x0000000085100000|  0%| F|  |TS  0|AC  0|TAMS 0x0000000085000000, 0x0000000085000000|
|  41|0x0000000085100000, 0x0000000085100000, 0x0000000085200000|  0%| F|  |TS  0|AC  0|TAMS 0x0000000085100000, 0x0000000085100000|
|  42|0x0000000085200000, 0x0000000085200000, 0x0000000085300000|  0%| F|  |TS  0|AC  0|TAMS 0x0000000085200000, 0x0000000085200000|
|  43|0x0000000085300000, 0x0000000085300000, 0x0000000085400000|  0%| F|  |TS  0|AC  0|TAMS 0x0000000085300000, 0x0000000085300000|
|  44|0x0000000085400000, 0x0000000085400000, 0x0000000085500000|  0%| F|  |TS  0|AC  0|TAMS 0x0000000085400000, 0x0000000085400000|
|  45|0x0000000085500000, 0x0000000085500000, 0x0000000085600000|  0%| F|  |TS  0|AC  0|TAMS 0x0000000085500000, 0x0000000085500000|
|  46|0x0000000085600000, 0x0000000085600000, 0x0000000085700000|  0%| F|  |TS  0|AC  0|TAMS 0x0000000085600000, 0x0000000085600000|
|  47|0x0000000085700000, 0x0000000085700000, 0x0000000085800000|  0%| F|  |TS  0|AC  0|TAMS 0x0000000085700000, 0x0000000085700000|
|  48|0x0000000085800000, 0x0000000085800000, 0x0000000085900000|  0%| F|  |TS  0|AC  0|TAMS 0x0000000085800000, 0x0000000085800000|
|  49|0x0000000085900000, 0x0000000085900000, 0x0000000085a00000|  0%| F|  |TS  0|AC  0|TAMS 0x0000000085900000, 0x0000000085900000|
|  50|0x0000000085a00000, 0x0000000085a00000, 0x0000000085b00000|  0%| F|  |TS  0|AC  0|TAMS 0x0000000085a00000, 0x0000000085a00000|
|  51|0x0000000085b00000, 0x0000000085b00000, 0x0000000085c00000|  0%| F|  |TS  0|AC  0|TAMS 0x0000000085b00000, 0x0000000085b00000|
|  52|0x0000000085c00000, 0x0000000085c00000, 0x0000000085d00000|  0%| F|  |TS  0|AC  0|TAMS 0x0000000085c00000, 0x0000000085c00000|
|  53|0x0000000085d00000, 0x0000000085d00000, 0x0000000085e00000|  0%| F|  |TS  0|AC  0|TAMS 0x0000000085d00000, 0x0000000085d00000|
|  54|0x0000000085e00000, 0x0000000085e00000, 0x0000000085f00000|  0%| F|  |TS  0|AC  0|TAMS 0x0000000085e00000, 0x0000000085e00000|
|  55|0x0000000085f00000, 0x0000000085f00000, 0x0000000086000000|  0%| F|  |TS  0|AC  0|TAMS 0x0000000085f00000, 0x0000000085f00000|
|  56|0x0000000086000000, 0x0000000086000000, 0x0000000086100000|  0%| F|  |TS  0|AC  0|TAMS 0x0000000086000000, 0x0000000086000000|
|  57|0x0000000086100000, 0x0000000086100000, 0x0000000086200000|  0%| F|  |TS  0|AC  0|TAMS 0x0000000086100000, 0x0000000086100000|
|  58|0x0000000086200000, 0x0000000086200000, 0x0000000086300000|  0%| F|  |TS  0|AC  0|TAMS 0x0000000086200000, 0x0000000086200000|
|  59|0x0000000086300000, 0x0000000086300000, 0x0000000086400000|  0%| F|  |TS  0|AC  0|TAMS 0x0000000086300000, 0x0000000086300000|
|  60|0x0000000086400000, 0x0000000086400000, 0x0000000086500000|  0%| F|  |TS  0|AC  0|TAMS 0x0000000086400000, 0x0000000086400000|
|  61|0x0000000086500000, 0x0000000086500000, 0x0000000086600000|  0%| F|  |TS  0|AC  0|TAMS 0x0000000086500000, 0x0000000086500000|
|  62|0x0000000086600000, 0x0000000086600000, 0x0000000086700000|  0%| F|  |TS  0|AC  0|TAMS 0x0000000086600000, 0x0000000086600000|
|  63|0x0000000086700000, 0x0000000086700000, 0x0000000086800000|  0%| F|  |TS  0|AC  0|TAMS 0x0000000086700000, 0x0000000086700000|
|  64|0x0000000086800000, 0x0000000086800000, 0x0000000086900000|  0%| F|  |TS  0|AC  0|TAMS 0x0000000086800000, 0x0000000086800000|
|  65|0x0000000086900000, 0x0000000086900000, 0x0000000086a00000|  0%| F|  |TS  0|AC  0|TAMS 0x0000000086900000, 0x0000000086900000|
|  66|0x0000000086a00000, 0x0000000086a00000, 0x0000000086b00000|  0%| F|  |TS  0|AC  0|TAMS 0x0000000086a00000, 0x0000000086a00000|
|  67|0x0000000086b00000, 0x0000000086b00000, 0x0000000086c00000|  0%| F|  |TS  0|AC  0|TAMS 0x0000000086b00000, 0x0000000086b00000|
|  68|0x0000000086c00000, 0x0000000086c00000, 0x0000000086d00000|  0%| F|  |TS  0|AC  0|TAMS 0x0000000086c00000, 0x0000000086c00000|
|  69|0x0000000086d00000, 0x0000000086d00000, 0x0000000086e00000|  0%| F|  |TS  0|AC  0|TAMS 0x0000000086d00000, 0x0000000086d00000|
|  70|0x0000000086e00000, 0x0000000086e00000, 0x0000000086f00000|  0%| F|  |TS  0|AC  0|TAMS 0x0000000086e00000, 0x0000000086e00000|
|  71|0x0000000086f00000, 0x0000000086f00000, 0x0000000087000000|  0%| F|  |TS  0|AC  0|TAMS 0x0000000086f00000, 0x0000000086f00000|
|  72|0x0000000087000000, 0x0000000087000000, 0x0000000087100000|  0%| F|  |TS  0|AC  0|TAMS 0x0000000087000000, 0x0000000087000000|
|  73|0x0000000087100000, 0x0000000087100000, 0x0000000087200000|  0%| F|  |TS  0|AC  0|TAMS 0x0000000087100000, 0x0000000087100000|
|  74|0x0000000087200000, 0x0000000087200000, 0x0000000087300000|  0%| F|  |TS  0|AC  0|TAMS 0x0000000087200000, 0x0000000087200000|
|  75|0x0000000087300000, 0x0000000087300000, 0x0000000087400000|  0%| F|  |TS  0|AC  0|TAMS 0x0000000087300000, 0x0000000087300000|
|  76|0x0000000087400000, 0x0000000087400000, 0x0000000087500000|  0%| F|  |TS  0|AC  0|TAMS 0x0000000087400000, 0x0000000087400000|
|  77|0x0000000087500000, 0x0000000087500000, 0x0000000087600000|  0%| F|  |TS  0|AC  0|TAMS 0x0000000087500000, 0x0000000087500000|
|  78|0x0000000087600000, 0x0000000087600000, 0x0000000087700000|  0%| F|  |TS  0|AC  0|TAMS 0x0000000087600000, 0x0000000087600000|
|  79|0x0000000087700000, 0x0000000087700000, 0x0000000087800000|  0%| F|  |TS  0|AC  0|TAMS 0x0000000087700000, 0x0000000087700000|
|  80|0x0000000087800000, 0x0000000087800000, 0x0000000087900000|  0%| F|  |TS  0|AC  0|TAMS 0x0000000087800000, 0x0000000087800000|
|  81|0x0000000087900000, 0x0000000087900000, 0x0000000087a00000|  0%| F|  |TS  0|AC  0|TAMS 0x0000000087900000, 0x0000000087900000|
|  82|0x0000000087a00000, 0x0000000087a00000, 0x0000000087b00000|  0%| F|  |TS  0|AC  0|TAMS 0x0000000087a00000, 0x0000000087a00000|
|  83|0x0000000087b00000, 0x0000000087b00000, 0x0000000087c00000|  0%| F|  |TS  0|AC  0|TAMS 0x0000000087b00000, 0x0000000087b00000|
|  84|0x0000000087c00000, 0x0000000087c00000, 0x0000000087d00000|  0%| F|  |TS  0|AC  0|TAMS 0x0000000087c00000, 0x0000000087c00000|
|  85|0x0000000087d00000, 0x0000000087d00000, 0x0000000087e00000|  0%| F|  |TS  0|AC  0|TAMS 0x0000000087d00000, 0x0000000087d00000|
|  86|0x0000000087e00000, 0x0000000087e00000, 0x0000000087f00000|  0%| F|  |TS  0|AC  0|TAMS 0x0000000087e00000, 0x0000000087e00000|
|  87|0x0000000087f00000, 0x0000000087f00000, 0x0000000088000000|  0%| F|  |TS  0|AC  0|TAMS 0x0000000087f00000, 0x0000000087f00000|
|  88|0x0000000088000000, 0x0000000088000000, 0x0000000088100000|  0%| F|  |TS  0|AC  0|TAMS 0x0000000088000000, 0x0000000088000000|
|  89|0x0000000088100000, 0x0000000088100000, 0x0000000088200000|  0%| F|  |TS  0|AC  0|TAMS 0x0000000088100000, 0x0000000088100000|
|  90|0x0000000088200000, 0x0000000088200000, 0x0000000088300000|  0%| F|  |TS  0|AC  0|TAMS 0x0000000088200000, 0x0000000088200000|
|  91|0x0000000088300000, 0x0000000088300000, 0x0000000088400000|  0%| F|  |TS  0|AC  0|TAMS 0x0000000088300000, 0x0000000088300000|
|  92|0x0000000088400000, 0x0000000088400000, 0x0000000088500000|  0%| F|  |TS  0|AC  0|TAMS 0x0000000088400000, 0x0000000088400000|
|  93|0x0000000088500000, 0x0000000088500000, 0x0000000088600000|  0%| F|  |TS  0|AC  0|TAMS 0x0000000088500000, 0x0000000088500000|
|  94|0x0000000088600000, 0x0000000088600000, 0x0000000088700000|  0%| F|  |TS  0|AC  0|TAMS 0x0000000088600000, 0x0000000088600000|
|  95|0x0000000088700000, 0x0000000088700000, 0x0000000088800000|  0%| F|  |TS  0|AC  0|TAMS 0x0000000088700000, 0x0000000088700000|
|  96|0x0000000088800000, 0x0000000088800000, 0x0000000088900000|  0%| F|  |TS  0|AC  0|TAMS 0x0000000088800000, 0x0000000088800000|
|  97|0x0000000088900000, 0x0000000088900000, 0x0000000088a00000|  0%| F|  |TS  0|AC  0|TAMS 0x0000000088900000, 0x0000000088900000|
|  98|0x0000000088a00000, 0x0000000088a00000, 0x0000000088b00000|  0%| F|  |TS  0|AC  0|TAMS 0x0000000088a00000, 0x0000000088a00000|
|  99|0x0000000088b00000, 0x0000000088b00000, 0x0000000088c00000|  0%| F|  |TS  0|AC  0|TAMS 0x0000000088b00000, 0x0000000088b00000|
| 100|0x0000000088c00000, 0x0000000088c00000, 0x0000000088d00000|  0%| F|  |TS  0|AC  0|TAMS 0x0000000088c00000, 0x0000000088c00000|
| 101|0x0000000088d00000, 0x0000000088d00000, 0x0000000088e00000|  0%| F|  |TS  0|AC  0|TAMS 0x0000000088d00000, 0x0000000088d00000|
| 102|0x0000000088e00000, 0x0000000088e00000, 0x0000000088f00000|  0%| F|  |TS  0|AC  0|TAMS 0x0000000088e00000, 0x0000000088e00000|
| 103|0x0000000088f00000, 0x0000000088f00000, 0x0000000089000000|  0%| F|  |TS  0|AC  0|TAMS 0x0000000088f00000, 0x0000000088f00000|
| 104|0x0000000089000000, 0x0000000089000000, 0x0000000089100000|  0%| F|  |TS  0|AC  0|TAMS 0x0000000089000000, 0x0000000089000000|
| 105|0x0000000089100000, 0x0000000089100000, 0x0000000089200000|  0%| F|  |TS  0|AC  0|TAMS 0x0000000089100000, 0x0000000089100000|
| 106|0x0000000089200000, 0x0000000089200000, 0x0000000089300000|  0%| F|  |TS  0|AC  0|TAMS 0x0000000089200000, 0x0000000089200000|
| 107|0x0000000089300000, 0x0000000089300000, 0x0000000089400000|  0%| F|  |TS  0|AC  0|TAMS 0x0000000089300000, 0x0000000089300000|
| 108|0x0000000089400000, 0x0000000089400000, 0x0000000089500000|  0%| F|  |TS  0|AC  0|TAMS 0x0000000089400000, 0x0000000089400000|
| 109|0x0000000089500000, 0x000000008950c948, 0x0000000089600000|  4%| E|  |TS  0|AC  0|TAMS 0x0000000089500000, 0x0000000089500000|
| 110|0x0000000089600000, 0x0000000089700000, 0x0000000089700000|100%| E|CS|TS  0|AC  0|TAMS 0x0000000089600000, 0x0000000089600000|
| 111|0x0000000089700000, 0x0000000089800000, 0x0000000089800000|100%| E|CS|TS  0|AC  0|TAMS 0x0000000089700000, 0x0000000089700000|
| 112|0x0000000089800000, 0x0000000089900000, 0x0000000089900000|100%| E|CS|TS  0|AC  0|TAMS 0x0000000089800000, 0x0000000089800000|
| 113|0x0000000089900000, 0x0000000089a00000, 0x0000000089a00000|100%| E|CS|TS  0|AC  0|TAMS 0x0000000089900000, 0x0000000089900000|
| 114|0x0000000089a00000, 0x0000000089b00000, 0x0000000089b00000|100%| E|CS|TS  0|AC  0|TAMS 0x0000000089a00000, 0x0000000089a00000|
| 115|0x0000000089b00000, 0x0000000089c00000, 0x0000000089c00000|100%| E|CS|TS  0|AC  0|TAMS 0x0000000089b00000, 0x0000000089b00000|
| 116|0x0000000089c00000, 0x0000000089d00000, 0x0000000089d00000|100%| E|CS|TS  0|AC  0|TAMS 0x0000000089c00000, 0x0000000089c00000|
| 117|0x0000000089d00000, 0x0000000089e00000, 0x0000000089e00000|100%| E|CS|TS  0|AC  0|TAMS 0x0000000089d00000, 0x0000000089d00000|
| 118|0x0000000089e00000, 0x0000000089f00000, 0x0000000089f00000|100%| E|CS|TS  0|AC  0|TAMS 0x0000000089e00000, 0x0000000089e00000|
| 119|0x0000000089f00000, 0x000000008a000000, 0x000000008a000000|100%| E|CS|TS  0|AC  0|TAMS 0x0000000089f00000, 0x0000000089f00000|
| 120|0x000000008a000000, 0x000000008a100000, 0x000000008a100000|100%| E|CS|TS  0|AC  0|TAMS 0x000000008a000000, 0x000000008a000000|
| 121|0x000000008a100000, 0x000000008a200000, 0x000000008a200000|100%| E|CS|TS  0|AC  0|TAMS 0x000000008a100000, 0x000000008a100000|
| 122|0x000000008a200000, 0x000000008a300000, 0x000000008a300000|100%| E|CS|TS  0|AC  0|TAMS 0x000000008a200000, 0x000000008a200000|
| 123|0x000000008a300000, 0x000000008a400000, 0x000000008a400000|100%| E|CS|TS  0|AC  0|TAMS 0x000000008a300000, 0x000000008a300000|
| 124|0x000000008a400000, 0x000000008a500000, 0x000000008a500000|100%| E|CS|TS  0|AC  0|TAMS 0x000000008a400000, 0x000000008a400000|
| 125|0x000000008a500000, 0x000000008a600000, 0x000000008a600000|100%| E|CS|TS  0|AC  0|TAMS 0x000000008a500000, 0x000000008a500000|

Card table byte_map: [0x0000024f5fc60000,0x0000024f60050000] byte_map_base: 0x0000024f5f84c000

Marking Bits (Prev, Next): (CMBitMap*) 0x0000024f4719dce0, (CMBitMap*) 0x0000024f4719dd18
 Prev Bits: [0x0000024f60440000, 0x0000024f623a0000)
 Next Bits: [0x0000024f623a0000, 0x0000024f64300000)

Polling page: 0x0000024f44e40000

CodeHeap 'non-profiled nmethods': size=120000Kb used=204Kb max_used=204Kb free=119795Kb
 bounds [0x0000024f58010000, 0x0000024f58280000, 0x0000024f5f540000]
CodeHeap 'profiled nmethods': size=120000Kb used=1294Kb max_used=1294Kb free=118705Kb
 bounds [0x0000024f50ae0000, 0x0000024f50d50000, 0x0000024f58010000]
CodeHeap 'non-nmethods': size=5760Kb used=1461Kb max_used=1471Kb free=4299Kb
 bounds [0x0000024f50540000, 0x0000024f507b0000, 0x0000024f50ae0000]
 total_blobs=1861 nmethods=733 adapters=890
 compilation: enabled

Compilation events (10 events):
Event: 1.035 Thread 0x0000024f66d6d000  730       3       java.util.zip.ZipFile$Source::getEntryPos (9 bytes)
Event: 1.035 Thread 0x0000024f66d6d000 nmethod 730 0x0000024f50c1e390 code [0x0000024f50c1e540, 0x0000024f50c1e6b8]
Event: 1.037 Thread 0x0000024f66d6d000  731       3       sun.net.www.protocol.jar.Handler::parseURL (201 bytes)
Event: 1.038 Thread 0x0000024f66d6d000 nmethod 731 0x0000024f50c1e790 code [0x0000024f50c1eb20, 0x0000024f50c1fe40]
Event: 1.038 Thread 0x0000024f66d6d000  732       3       sun.net.www.protocol.jar.Handler::indexOfBangSlash (52 bytes)
Event: 1.039 Thread 0x0000024f66d6d000 nmethod 732 0x0000024f50c20690 code [0x0000024f50c20920, 0x0000024f50c21440]
Event: 1.039 Thread 0x0000024f66d6d000  733       3       java.lang.ClassLoader::definePackage (84 bytes)
Event: 1.040 Thread 0x0000024f66d6d000 nmethod 733 0x0000024f50c21810 code [0x0000024f50c21b20, 0x0000024f50c22ca0]
Event: 1.040 Thread 0x0000024f66d6d000  734       3       java.lang.Package::isSealed (26 bytes)
Event: 1.040 Thread 0x0000024f66d6d000 nmethod 734 0x0000024f50c23210 code [0x0000024f50c233e0, 0x0000024f50c23758]

GC Heap History (0 events):
No events

Deoptimization events (2 events):
Event: 0.117 Thread 0x0000024f47106000 Uncommon trap: reason=unstable_if action=reinterpret pc=0x0000024f580158f0 method=java.lang.String.hashCode()I @ 14 c2
Event: 0.788 Thread 0x0000024f47106000 Uncommon trap: reason=unstable_if action=reinterpret pc=0x0000024f580291fc method=java.nio.Buffer.hasRemaining()Z @ 8 c2

Classes redefined (0 events):
No events

Internal exceptions (10 events):
Event: 0.303 Thread 0x0000024f47106000 Exception <a 'sun/nio/fs/WindowsException'{0x000000008a2bad88}> (0x000000008a2bad88) thrown at [t:/workspace/src/hotspot/share/prims/jni.cpp, line 611]
Event: 0.361 Thread 0x0000024f47106000 Exception <a 'java/lang/NoSuchMethodError'{0x000000008a15b4e0}: java.lang.invoke.DirectMethodHandle$Holder.invokeStatic(Ljava/lang/Object;Ljava/lang/Object;Ljava/lang/Object;)I> (0x000000008a15b4e0) thrown at [t:/workspace/src/hotspot/share/interpreter/li
Event: 0.381 Thread 0x0000024f47106000 Exception <a 'sun/nio/fs/WindowsException'{0x000000008a1b6f68}> (0x000000008a1b6f68) thrown at [t:/workspace/src/hotspot/share/prims/jni.cpp, line 611]
Event: 0.382 Thread 0x0000024f47106000 Exception <a 'sun/nio/fs/WindowsException'{0x000000008a1b72d8}> (0x000000008a1b72d8) thrown at [t:/workspace/src/hotspot/share/prims/jni.cpp, line 611]
Event: 0.544 Thread 0x0000024f47106000 Exception <a 'sun/nio/fs/WindowsException'{0x000000008a06a858}> (0x000000008a06a858) thrown at [t:/workspace/src/hotspot/share/prims/jni.cpp, line 611]
Event: 0.544 Thread 0x0000024f47106000 Exception <a 'sun/nio/fs/WindowsException'{0x000000008a06ac08}> (0x000000008a06ac08) thrown at [t:/workspace/src/hotspot/share/prims/jni.cpp, line 611]
Event: 0.548 Thread 0x0000024f47106000 Exception <a 'sun/nio/fs/WindowsException'{0x000000008a07ca10}> (0x000000008a07ca10) thrown at [t:/workspace/src/hotspot/share/prims/jni.cpp, line 611]
Event: 0.548 Thread 0x0000024f47106000 Exception <a 'sun/nio/fs/WindowsException'{0x000000008a07ccf8}> (0x000000008a07ccf8) thrown at [t:/workspace/src/hotspot/share/prims/jni.cpp, line 611]
Event: 0.815 Thread 0x0000024f47106000 Exception <a 'sun/nio/fs/WindowsException'{0x0000000089836bf8}> (0x0000000089836bf8) thrown at [t:/workspace/src/hotspot/share/prims/jni.cpp, line 611]
Event: 0.815 Thread 0x0000024f47106000 Exception <a 'sun/nio/fs/WindowsException'{0x0000000089836f80}> (0x0000000089836f80) thrown at [t:/workspace/src/hotspot/share/prims/jni.cpp, line 611]

Events (10 events):
Event: 1.034 loading class org/joml/Vector2dc
Event: 1.034 loading class org/joml/Vector2dc done
Event: 1.036 loading class org/joml/Vector2i
Event: 1.036 loading class org/joml/Vector2i done
Event: 1.036 loading class org/joml/Vector2ic
Event: 1.036 loading class org/joml/Vector2ic done
Event: 1.037 loading class org/joml/Quaternionf
Event: 1.037 loading class org/joml/Quaternionf done
Event: 1.038 loading class org/joml/Quaternionfc
Event: 1.038 loading class org/joml/Quaternionfc done


Dynamic libraries:
0x00007ff6c6b30000 - 0x00007ff6c6b6d000 	C:\Program Files\Java\jdk-10\bin\javaw.exe
0x00007ffd58ba0000 - 0x00007ffd58d90000 	C:\WINDOWS\SYSTEM32\ntdll.dll
0x00007ffd56c50000 - 0x00007ffd56d02000 	C:\WINDOWS\System32\KERNEL32.DLL
0x00007ffd55db0000 - 0x00007ffd56053000 	C:\WINDOWS\System32\KERNELBASE.dll
0x00007ffd578c0000 - 0x00007ffd57a54000 	C:\WINDOWS\System32\USER32.dll
0x00007ffd56200000 - 0x00007ffd56221000 	C:\WINDOWS\System32\win32u.dll
0x00007ffd58850000 - 0x00007ffd58876000 	C:\WINDOWS\System32\GDI32.dll
0x00007ffd562d0000 - 0x00007ffd56464000 	C:\WINDOWS\System32\gdi32full.dll
0x00007ffd56230000 - 0x00007ffd562ce000 	C:\WINDOWS\System32\msvcp_win.dll
0x00007ffd55cb0000 - 0x00007ffd55daa000 	C:\WINDOWS\System32\ucrtbase.dll
0x00007ffd396f0000 - 0x00007ffd39975000 	C:\WINDOWS\WinSxS\amd64_microsoft.windows.common-controls_6595b64144ccf1df_6.0.18362.592_none_e6c0b1911312be02\COMCTL32.dll
0x00007ffd57ee0000 - 0x00007ffd57f7e000 	C:\WINDOWS\System32\msvcrt.dll
0x00007ffd57a60000 - 0x00007ffd57d96000 	C:\WINDOWS\System32\combase.dll
0x00007ffd58900000 - 0x00007ffd58a20000 	C:\WINDOWS\System32\RPCRT4.dll
0x00007ffd55be0000 - 0x00007ffd55c60000 	C:\WINDOWS\System32\bcryptPrimitives.dll
0x00007ffd570d0000 - 0x00007ffd570fe000 	C:\WINDOWS\System32\IMM32.DLL
0x00007ffd39090000 - 0x00007ffd3917f000 	C:\Program Files\Java\jdk-10\bin\msvcr120.dll
0x00007ffd20190000 - 0x00007ffd20236000 	C:\Program Files\Java\jdk-10\bin\msvcp120.dll
0x0000000056820000 - 0x000000005720d000 	C:\Program Files\Java\jdk-10\bin\server\jvm.dll
0x00007ffd58040000 - 0x00007ffd580e3000 	C:\WINDOWS\System32\ADVAPI32.dll
0x00007ffd56fc0000 - 0x00007ffd57057000 	C:\WINDOWS\System32\sechost.dll
0x00007ffd57e50000 - 0x00007ffd57e58000 	C:\WINDOWS\System32\PSAPI.DLL
0x00007ffd4d4d0000 - 0x00007ffd4d4f4000 	C:\WINDOWS\SYSTEM32\WINMM.dll
0x00007ffd4c690000 - 0x00007ffd4c699000 	C:\WINDOWS\SYSTEM32\WSOCK32.dll
0x00007ffd4abd0000 - 0x00007ffd4abda000 	C:\WINDOWS\SYSTEM32\VERSION.dll
0x00007ffd57850000 - 0x00007ffd578bf000 	C:\WINDOWS\System32\WS2_32.dll
0x00007ffd4d4a0000 - 0x00007ffd4d4cd000 	C:\WINDOWS\SYSTEM32\WINMMBASE.dll
0x00007ffd561b0000 - 0x00007ffd561fa000 	C:\WINDOWS\System32\cfgmgr32.dll
0x00007ffd4d530000 - 0x00007ffd4d53f000 	C:\Program Files\Java\jdk-10\bin\verify.dll
0x00007ffd511f0000 - 0x00007ffd513e4000 	C:\WINDOWS\SYSTEM32\DBGHELP.DLL
0x00007ffd328f0000 - 0x00007ffd3291a000 	C:\WINDOWS\SYSTEM32\dbgcore.DLL
0x00007ffd39060000 - 0x00007ffd39087000 	C:\Program Files\Java\jdk-10\bin\java.dll
0x00007ffd39d60000 - 0x00007ffd39d76000 	C:\Program Files\Java\jdk-10\bin\zip.dll
0x00007ffd4d510000 - 0x00007ffd4d51a000 	C:\Program Files\Java\jdk-10\bin\jimage.dll
0x00007ffd57100000 - 0x00007ffd577e5000 	C:\WINDOWS\System32\SHELL32.dll
0x00007ffd586c0000 - 0x00007ffd58769000 	C:\WINDOWS\System32\shcore.dll
0x00007ffd56470000 - 0x00007ffd56bef000 	C:\WINDOWS\System32\windows.storage.dll
0x00007ffd55af0000 - 0x00007ffd55b0f000 	C:\WINDOWS\System32\profapi.dll
0x00007ffd55aa0000 - 0x00007ffd55aea000 	C:\WINDOWS\System32\powrprof.dll
0x00007ffd55a70000 - 0x00007ffd55a80000 	C:\WINDOWS\System32\UMPDC.dll
0x00007ffd577f0000 - 0x00007ffd57842000 	C:\WINDOWS\System32\shlwapi.dll
0x00007ffd55a80000 - 0x00007ffd55a91000 	C:\WINDOWS\System32\kernel.appcore.dll
0x00007ffd55c60000 - 0x00007ffd55c77000 	C:\WINDOWS\System32\cryptsp.dll
0x00007ffd39040000 - 0x00007ffd3905a000 	C:\Program Files\Java\jdk-10\bin\net.dll
0x00007ffd50070000 - 0x00007ffd50160000 	C:\WINDOWS\SYSTEM32\WINHTTP.dll
0x00007ffd552e0000 - 0x00007ffd55347000 	C:\WINDOWS\system32\mswsock.dll
0x00007ffd37800000 - 0x00007ffd37811000 	C:\Program Files\Java\jdk-10\bin\nio.dll
0x00007ffd2ac40000 - 0x00007ffd2aca4000 	C:\Users\thoma\AppData\Local\Temp\lwjglthoma\3.2.3-build-13\lwjgl.dll
0x00007ffd20120000 - 0x00007ffd20182000 	C:\Users\thoma\AppData\Local\Temp\lwjglthoma\3.2.3-build-13\glfw.dll
0x00007ffd4f300000 - 0x00007ffd4f399000 	C:\WINDOWS\system32\uxtheme.dll
0x00007ffd37180000 - 0x00007ffd371c3000 	C:\WINDOWS\SYSTEM32\dinput8.dll
0x00007ffd377e0000 - 0x00007ffd377f1000 	C:\WINDOWS\SYSTEM32\xinput1_4.dll
0x00007ffd55870000 - 0x00007ffd5589a000 	C:\WINDOWS\SYSTEM32\DEVOBJ.dll
0x00007ffd50e10000 - 0x00007ffd50e3d000 	C:\WINDOWS\SYSTEM32\dwmapi.dll
0x00007ffd3f040000 - 0x00007ffd3f15a000 	C:\WINDOWS\SYSTEM32\inputhost.dll
0x00007ffd4f6e0000 - 0x00007ffd4f833000 	C:\WINDOWS\SYSTEM32\wintypes.dll
0x00007ffd4ec40000 - 0x00007ffd4ed14000 	C:\WINDOWS\SYSTEM32\CoreMessaging.dll
0x00007ffd4b280000 - 0x00007ffd4b5aa000 	C:\WINDOWS\SYSTEM32\CoreUIComponents.dll
0x00007ffd501b0000 - 0x00007ffd5029f000 	C:\WINDOWS\SYSTEM32\PROPSYS.dll
0x00007ffd56d10000 - 0x00007ffd56dd4000 	C:\WINDOWS\System32\OLEAUT32.dll
0x00007ffd54ad0000 - 0x00007ffd54b01000 	C:\WINDOWS\SYSTEM32\ntmarta.dll
0x00007ffd58a20000 - 0x00007ffd58b55000 	C:\WINDOWS\System32\MSCTF.dll
0x00007ffd51530000 - 0x00007ffd5153e000 	C:\WINDOWS\SYSTEM32\HID.DLL
0x00007ffd580f0000 - 0x00007ffd58560000 	C:\WINDOWS\System32\SETUPAPI.DLL
0x00007ffd55c80000 - 0x00007ffd55ca6000 	C:\WINDOWS\System32\bcrypt.dll
0x00007ffd56bf0000 - 0x00007ffd56c4c000 	C:\WINDOWS\System32\WINTRUST.dll
0x00007ffd55b10000 - 0x00007ffd55b22000 	C:\WINDOWS\System32\MSASN1.dll
0x00007ffd56060000 - 0x00007ffd561a9000 	C:\WINDOWS\System32\CRYPT32.dll
0x00007ffd399f0000 - 0x00007ffd39b46000 	C:\WINDOWS\SYSTEM32\opengl32.dll
0x00007ffd4a1c0000 - 0x00007ffd4a1ec000 	C:\WINDOWS\SYSTEM32\GLU32.dll
0x00007ffd546e0000 - 0x00007ffd54700000 	C:\WINDOWS\SYSTEM32\dxcore.dll
0x00007ffce69b0000 - 0x00007ffce7860000 	C:\WINDOWS\System32\DriverStore\FileRepository\iigd_dch.inf_amd64_7002521e34feee93\ig9icd64.dll
0x00007ffd54770000 - 0x00007ffd5485b000 	C:\WINDOWS\system32\dxgi.dll
0x00007ffd42c50000 - 0x00007ffd44c18000 	C:\WINDOWS\System32\DriverStore\FileRepository\iigd_dch.inf_amd64_7002521e34feee93\igc64.dll
0x00007ffd45270000 - 0x00007ffd4538a000 	C:\WINDOWS\System32\DriverStore\FileRepository\iigd_dch.inf_amd64_7002521e34feee93\igdgmm64.dll
0x00007ffd3c8e0000 - 0x00007ffd3c97e000 	C:\WINDOWS\System32\TextInputFramework.dll
0x00007ffd3e5d0000 - 0x00007ffd3e876000 	C:\WINDOWS\System32\iertutil.dll
0x00007ffd24530000 - 0x00007ffd24589000 	C:\Users\thoma\AppData\Local\Temp\lwjglthoma\3.2.3-build-13\lwjgl_opengl.dll
0x00007ffd200a0000 - 0x00007ffd20117000 	C:\Users\thoma\AppData\Local\Temp\lwjglthoma\3.2.3-build-13\lwjgl_stb.dll

dbghelp: loaded successfully - version: 4.0.5 - missing functions: none
symbol engine: initialized successfully - sym options: 0x614 - pdb path: .;C:\Program Files\Java\jdk-10\bin;C:\WINDOWS\SYSTEM32;C:\WINDOWS\WinSxS\amd64_microsoft.windows.common-controls_6595b64144ccf1df_6.0.18362.592_none_e6c0b1911312be02;C:\Program Files\Java\jdk-10\bin\server;C:\Users\thoma\AppData\Local\Temp\lwjglthoma\3.2.3-build-13;C:\WINDOWS\System32\DriverStore\FileRepository\iigd_dch.inf_amd64_7002521e34feee93

VM Arguments:
jvm_args: -Dfile.encoding=UTF-8 
java_command: fr.monolog.desino.test.App
java_class_path (initial): C:\Users\thoma\eclipse-workspace\desino\target\test-classes;C:\Users\thoma\eclipse-workspace\desino\target\classes;C:\Users\thoma\.m2\repository\org\lwjgl\lwjgl\3.2.3\lwjgl-3.2.3.jar;C:\Users\thoma\.m2\repository\org\lwjgl\lwjgl-assimp\3.2.3\lwjgl-assimp-3.2.3.jar;C:\Users\thoma\.m2\repository\org\lwjgl\lwjgl-glfw\3.2.3\lwjgl-glfw-3.2.3.jar;C:\Users\thoma\.m2\repository\org\lwjgl\lwjgl-openal\3.2.3\lwjgl-openal-3.2.3.jar;C:\Users\thoma\.m2\repository\org\lwjgl\lwjgl-opengl\3.2.3\lwjgl-opengl-3.2.3.jar;C:\Users\thoma\.m2\repository\org\lwjgl\lwjgl-stb\3.2.3\lwjgl-stb-3.2.3.jar;C:\Users\thoma\.m2\repository\org\lwjgl\lwjgl\3.2.3\lwjgl-3.2.3-natives-windows.jar;C:\Users\thoma\.m2\repository\org\lwjgl\lwjgl-assimp\3.2.3\lwjgl-assimp-3.2.3-natives-windows.jar;C:\Users\thoma\.m2\repository\org\lwjgl\lwjgl-glfw\3.2.3\lwjgl-glfw-3.2.3-natives-windows.jar;C:\Users\thoma\.m2\repository\org\lwjgl\lwjgl-openal\3.2.3\lwjgl-openal-3.2.3-natives-windows.jar;C:\Users\thoma\.m2\repository\org\lwjgl\lwjgl-opengl\3.2.3\lwjgl-opengl-3.2.3-natives-windows.jar;C:\Users\thoma\.m2\repository\org\lwjgl\lwjgl-stb\3.2.3\lwjgl-stb-3.2.3-natives-windows.jar;C:\Users\thoma\.m2\repository\org\joml\joml\1.9.20\joml-1.9.20.jar
Launcher Type: SUN_STANDARD

Logging:
Log output configuration:
#0: stdout all=warning uptime,level,tags
#1: stderr all=off uptime,level,tags

Environment Variables:
JAVA_HOME=C:\Program Files\Java\jdk-13\bin
PATH=C:/Program Files/Java/jdk-13/bin/server;C:/Program Files/Java/jdk-13/bin;C:\Program Files\Java\jdk-13\bin;C:\Program Files (x86)\Common Files\Oracle\Java\javapath;C:\WINDOWS\system32;C:\WINDOWS;C:\WINDOWS\System32\Wbem;C:\WINDOWS\System32\WindowsPowerShell\v1.0\;C:\WINDOWS\System32\OpenSSH\;C:\Program Files\Git\cmd;C:\Program Files\PuTTY\;C:\MinGW\bin;C:\raylib\mingw\bin;C:\HashiCorp\Vagrant\bin;C:\FPC\3.0.4\bin\i386-Win32;C:\Program Files\nodejs\;C:\Program Files\Symfony;C:\Program Files\PHP;C:\ProgramData\ComposerSetup\bin;C:\D\dmd2\windows\bin;C:\Go\bin;C:\Ruby26-x64\bin;C:\Program Files\MySQL\MySQL Shell 8.0\bin\;C:\Users\thoma\AppData\Local\Microsoft\WindowsApps;C:\Users\thoma\AppData\Roaming\npm;C:\Users\thoma\AppData\Roaming\Composer\vendor\bin;C:\Users\thoma\go\bin;C:\Users\thoma\AppData\Local\Programs\Microsoft VS Code\bin;C:\WINDOWS\System32;
USERNAME=thoma
OS=Windows_NT
PROCESSOR_IDENTIFIER=Intel64 Family 6 Model 142 Stepping 10, GenuineIntel



---------------  S Y S T E M  ---------------

OS: Windows 10 , 64 bit Build 18362 (10.0.18362.329)

CPU:total 8 (initial active 8) (4 cores per cpu, 2 threads per core) family 6 model 142 stepping 10, cmov, cx8, fxsr, mmx, sse, sse2, sse3, ssse3, sse4.1, sse4.2, popcnt, avx, avx2, aes, clmul, erms, 3dnowpref, lzcnt, ht, tsc, tscinvbit, bmi1, bmi2, adx, fma

Memory: 4k page, physical 8218788k(1622932k free), swap 15034532k(6028364k free)

vm_info: OpenJDK 64-Bit Server VM (10+44) for windows-amd64 JRE (10+44), built on Feb 16 2018 20:30:25 by "mach5one" with MS VC++ 12.0 (VS2013)

END.
